<?xml version="1.0" encoding="UTF-8"?>
<!-- Generated by org.testng.reporters.JUnitReportReporter -->
<testsuite hostname="DESKTOP-9JJKJUI" name="com.hrm.test.VerifyDashboardElements" tests="1" failures="0" timestamp="23 Feb 2025 13:02:51 GMT" time="2.648" errors="0">
  <testcase name="login" time="2.648" classname="com.hrm.test.VerifyDashboardElements"/>
</testsuite> <!-- com.hrm.test.VerifyDashboardElements -->
